{"level":"DEBUG","location":"[get_call:140] fyersModel","message":{"Status Code":200,"API":"/profile"},"timestamp":"2025-09-26 13:59:52,586+0530","service":"FyersAPIRequest"}
{"level":"DEBUG","location":"[get_call:140] fyersModel","message":{"Status Code":200,"API":"/funds"},"timestamp":"2025-09-26 13:59:52,859+0530","service":"FyersAPIRequest"}
{"level":"DEBUG","location":"[get_call:140] fyersModel","message":{"Status Code":200,"API":"/positions"},"timestamp":"2025-09-26 13:59:53,133+0530","service":"FyersAPIRequest"}
{"level":"DEBUG","location":"[get_call:140] fyersModel","message":{"Status Code":200,"API":"/profile"},"timestamp":"2025-09-26 14:09:34,760+0530","service":"FyersAPIRequest"}
{"level":"DEBUG","location":"[get_call:140] fyersModel","message":{"Status Code":200,"API":"/funds"},"timestamp":"2025-09-26 14:09:35,186+0530","service":"FyersAPIRequest"}
{"level":"DEBUG","location":"[get_call:140] fyersModel","message":{"Status Code":200,"API":"/positions"},"timestamp":"2025-09-26 14:09:35,669+0530","service":"FyersAPIRequest"}
{"level":"DEBUG","location":"[get_call:140] fyersModel","message":{"Status Code":200,"API":"/profile"},"timestamp":"2025-09-26 14:10:46,503+0530","service":"FyersAPIRequest"}
{"level":"DEBUG","location":"[get_call:140] fyersModel","message":{"Status Code":200,"API":"/funds"},"timestamp":"2025-09-26 14:10:46,742+0530","service":"FyersAPIRequest"}
{"level":"DEBUG","location":"[get_call:140] fyersModel","message":{"Status Code":200,"API":"/positions"},"timestamp":"2025-09-26 14:10:47,001+0530","service":"FyersAPIRequest"}
{"level":"DEBUG","location":"[get_call:140] fyersModel","message":{"Status Code":200,"API":"/profile"},"timestamp":"2025-09-26 14:48:05,028+0530","service":"FyersAPIRequest"}
{"level":"DEBUG","location":"[get_call:140] fyersModel","message":{"Status Code":200,"API":"/funds"},"timestamp":"2025-09-26 14:48:05,269+0530","service":"FyersAPIRequest"}
{"level":"DEBUG","location":"[get_call:140] fyersModel","message":{"Status Code":200,"API":"/positions"},"timestamp":"2025-09-26 14:48:05,509+0530","service":"FyersAPIRequest"}
{"level":"DEBUG","location":"[get_call:140] fyersModel","message":{"Status Code":200,"API":"/profile"},"timestamp":"2025-09-26 14:48:25,366+0530","service":"FyersAPIRequest"}
{"level":"DEBUG","location":"[get_call:140] fyersModel","message":{"Status Code":200,"API":"/funds"},"timestamp":"2025-09-26 14:48:25,601+0530","service":"FyersAPIRequest"}
{"level":"DEBUG","location":"[get_call:140] fyersModel","message":{"Status Code":200,"API":"/positions"},"timestamp":"2025-09-26 14:48:25,841+0530","service":"FyersAPIRequest"}
{"level":"DEBUG","location":"[get_call:140] fyersModel","message":{"Status Code":200,"API":"/profile"},"timestamp":"2025-09-26 14:50:45,851+0530","service":"FyersAPIRequest"}
{"level":"DEBUG","location":"[get_call:140] fyersModel","message":{"Status Code":200,"API":"/funds"},"timestamp":"2025-09-26 14:50:46,134+0530","service":"FyersAPIRequest"}
{"level":"DEBUG","location":"[get_call:140] fyersModel","message":{"Status Code":200,"API":"/positions"},"timestamp":"2025-09-26 14:50:46,425+0530","service":"FyersAPIRequest"}
{"level":"DEBUG","location":"[get_call:140] fyersModel","message":{"Status Code":200,"API":"/profile"},"timestamp":"2025-09-26 14:51:52,742+0530","service":"FyersAPIRequest"}
{"level":"DEBUG","location":"[get_call:140] fyersModel","message":{"Status Code":200,"API":"/funds"},"timestamp":"2025-09-26 14:51:53,021+0530","service":"FyersAPIRequest"}
{"level":"DEBUG","location":"[get_call:140] fyersModel","message":{"Status Code":200,"API":"/positions"},"timestamp":"2025-09-26 14:51:53,298+0530","service":"FyersAPIRequest"}
{"level":"DEBUG","location":"[get_call:140] fyersModel","message":{"Status Code":200,"API":"/profile"},"timestamp":"2025-09-26 14:52:15,601+0530","service":"FyersAPIRequest"}
{"level":"DEBUG","location":"[get_call:140] fyersModel","message":{"Status Code":200,"API":"/funds"},"timestamp":"2025-09-26 14:52:15,841+0530","service":"FyersAPIRequest"}
{"level":"DEBUG","location":"[get_call:140] fyersModel","message":{"Status Code":200,"API":"/positions"},"timestamp":"2025-09-26 14:52:16,137+0530","service":"FyersAPIRequest"}
{"level":"DEBUG","location":"[get_call:140] fyersModel","message":{"Status Code":200,"API":"/profile"},"timestamp":"2025-09-26 15:10:03,645+0530","service":"FyersAPIRequest"}
{"level":"DEBUG","location":"[get_call:140] fyersModel","message":{"Status Code":200,"API":"/funds"},"timestamp":"2025-09-26 15:10:04,037+0530","service":"FyersAPIRequest"}
{"level":"DEBUG","location":"[get_call:140] fyersModel","message":{"Status Code":200,"API":"/positions"},"timestamp":"2025-09-26 15:10:04,440+0530","service":"FyersAPIRequest"}
{"level":"DEBUG","location":"[get_call:140] fyersModel","message":{"Status Code":200,"API":"/profile"},"timestamp":"2025-09-26 15:10:04,857+0530","service":"FyersAPIRequest"}
{"level":"DEBUG","location":"[get_call:140] fyersModel","message":{"Status Code":200,"API":"/profile"},"timestamp":"2025-09-26 15:10:05,789+0530","service":"FyersAPIRequest"}
{"level":"DEBUG","location":"[get_call:140] fyersModel","message":{"Status Code":200,"API":"/profile"},"timestamp":"2025-09-26 15:10:06,708+0530","service":"FyersAPIRequest"}
{"level":"DEBUG","location":"[get_call:140] fyersModel","message":{"Status Code":200,"API":"/profile"},"timestamp":"2025-09-26 15:10:07,694+0530","service":"FyersAPIRequest"}
{"level":"DEBUG","location":"[get_call:140] fyersModel","message":{"Status Code":200,"API":"/profile"},"timestamp":"2025-09-26 15:10:08,607+0530","service":"FyersAPIRequest"}
{"level":"DEBUG","location":"[get_call:140] fyersModel","message":{"Status Code":200,"API":"/profile"},"timestamp":"2025-09-26 15:10:09,389+0530","service":"FyersAPIRequest"}
{"level":"DEBUG","location":"[get_call:140] fyersModel","message":{"Status Code":200,"API":"/profile"},"timestamp":"2025-09-26 15:10:10,165+0530","service":"FyersAPIRequest"}
{"level":"DEBUG","location":"[get_call:140] fyersModel","message":{"Status Code":200,"API":"/profile"},"timestamp":"2025-09-26 15:10:10,934+0530","service":"FyersAPIRequest"}
{"level":"DEBUG","location":"[get_call:140] fyersModel","message":{"Status Code":200,"API":"/profile"},"timestamp":"2025-09-26 15:10:11,708+0530","service":"FyersAPIRequest"}
{"level":"DEBUG","location":"[get_call:140] fyersModel","message":{"Status Code":200,"API":"/profile"},"timestamp":"2025-09-26 15:10:12,483+0530","service":"FyersAPIRequest"}
{"level":"DEBUG","location":"[get_call:140] fyersModel","message":{"Status Code":200,"API":"/profile"},"timestamp":"2025-09-26 15:11:38,228+0530","service":"FyersAPIRequest"}
{"level":"DEBUG","location":"[get_call:140] fyersModel","message":{"Status Code":200,"API":"/funds"},"timestamp":"2025-09-26 15:11:38,654+0530","service":"FyersAPIRequest"}
{"level":"DEBUG","location":"[get_call:140] fyersModel","message":{"Status Code":200,"API":"/positions"},"timestamp":"2025-09-26 15:11:39,045+0530","service":"FyersAPIRequest"}
{"level":"DEBUG","location":"[get_call:140] fyersModel","message":{"Status Code":200,"API":"/profile"},"timestamp":"2025-09-26 15:11:39,504+0530","service":"FyersAPIRequest"}
{"level":"DEBUG","location":"[get_call:140] fyersModel","message":{"Status Code":200,"API":"/profile"},"timestamp":"2025-09-26 15:11:40,390+0530","service":"FyersAPIRequest"}
{"level":"DEBUG","location":"[get_call:140] fyersModel","message":{"Status Code":200,"API":"/profile"},"timestamp":"2025-09-26 15:11:41,361+0530","service":"FyersAPIRequest"}
{"level":"DEBUG","location":"[get_call:140] fyersModel","message":{"Status Code":200,"API":"/profile"},"timestamp":"2025-09-26 15:11:42,277+0530","service":"FyersAPIRequest"}
{"level":"DEBUG","location":"[get_call:140] fyersModel","message":{"Status Code":200,"API":"/profile"},"timestamp":"2025-09-26 15:11:43,196+0530","service":"FyersAPIRequest"}
{"level":"DEBUG","location":"[get_call:140] fyersModel","message":{"Status Code":200,"API":"/profile"},"timestamp":"2025-09-26 15:11:44,091+0530","service":"FyersAPIRequest"}
{"level":"DEBUG","location":"[get_call:140] fyersModel","message":{"Status Code":200,"API":"/profile"},"timestamp":"2025-09-26 15:11:45,004+0530","service":"FyersAPIRequest"}
{"level":"DEBUG","location":"[get_call:140] fyersModel","message":{"Status Code":200,"API":"/profile"},"timestamp":"2025-09-26 15:11:45,921+0530","service":"FyersAPIRequest"}
{"level":"DEBUG","location":"[get_call:140] fyersModel","message":{"Status Code":200,"API":"/profile"},"timestamp":"2025-09-26 15:11:46,863+0530","service":"FyersAPIRequest"}
{"level":"DEBUG","location":"[get_call:140] fyersModel","message":{"Status Code":200,"API":"/profile"},"timestamp":"2025-09-26 15:11:47,821+0530","service":"FyersAPIRequest"}
{"level":"DEBUG","location":"[get_call:140] fyersModel","message":{"Status Code":200,"API":"/profile"},"timestamp":"2025-09-26 15:13:03,772+0530","service":"FyersAPIRequest"}
{"level":"DEBUG","location":"[get_call:140] fyersModel","message":{"Status Code":200,"API":"/funds"},"timestamp":"2025-09-26 15:13:04,042+0530","service":"FyersAPIRequest"}
{"level":"DEBUG","location":"[get_call:140] fyersModel","message":{"Status Code":200,"API":"/positions"},"timestamp":"2025-09-26 15:13:04,280+0530","service":"FyersAPIRequest"}
{"level":"DEBUG","location":"[get_call:140] fyersModel","message":{"Status Code":200,"API":"/profile"},"timestamp":"2025-09-26 15:13:04,551+0530","service":"FyersAPIRequest"}
{"level":"DEBUG","location":"[get_call:140] fyersModel","message":{"Status Code":200,"API":"/profile"},"timestamp":"2025-09-26 15:13:05,314+0530","service":"FyersAPIRequest"}
{"level":"DEBUG","location":"[get_call:140] fyersModel","message":{"Status Code":200,"API":"/profile"},"timestamp":"2025-09-26 15:13:06,074+0530","service":"FyersAPIRequest"}
{"level":"DEBUG","location":"[get_call:140] fyersModel","message":{"Status Code":200,"API":"/profile"},"timestamp":"2025-09-26 15:13:06,850+0530","service":"FyersAPIRequest"}
{"level":"DEBUG","location":"[get_call:140] fyersModel","message":{"Status Code":200,"API":"/profile"},"timestamp":"2025-09-26 15:13:07,628+0530","service":"FyersAPIRequest"}
{"level":"DEBUG","location":"[get_call:140] fyersModel","message":{"Status Code":200,"API":"/profile"},"timestamp":"2025-09-26 15:13:08,388+0530","service":"FyersAPIRequest"}
{"level":"DEBUG","location":"[get_call:140] fyersModel","message":{"Status Code":200,"API":"/profile"},"timestamp":"2025-09-26 15:13:09,208+0530","service":"FyersAPIRequest"}
{"level":"DEBUG","location":"[get_call:140] fyersModel","message":{"Status Code":200,"API":"/profile"},"timestamp":"2025-09-26 15:13:10,007+0530","service":"FyersAPIRequest"}
{"level":"DEBUG","location":"[get_call:140] fyersModel","message":{"Status Code":200,"API":"/profile"},"timestamp":"2025-09-26 15:13:10,789+0530","service":"FyersAPIRequest"}
{"level":"DEBUG","location":"[get_call:140] fyersModel","message":{"Status Code":200,"API":"/profile"},"timestamp":"2025-09-26 15:13:11,573+0530","service":"FyersAPIRequest"}
{"level":"DEBUG","location":"[get_call:140] fyersModel","message":{"Status Code":200,"API":"/profile"},"timestamp":"2025-09-26 15:16:54,167+0530","service":"FyersAPIRequest"}
{"level":"DEBUG","location":"[get_call:140] fyersModel","message":{"Status Code":200,"API":"/funds"},"timestamp":"2025-09-26 15:16:54,539+0530","service":"FyersAPIRequest"}
{"level":"DEBUG","location":"[get_call:140] fyersModel","message":{"Status Code":200,"API":"/positions"},"timestamp":"2025-09-26 15:16:54,911+0530","service":"FyersAPIRequest"}
{"level":"DEBUG","location":"[get_call:140] fyersModel","message":{"Status Code":200,"API":"/profile"},"timestamp":"2025-09-26 15:16:55,311+0530","service":"FyersAPIRequest"}
{"level":"DEBUG","location":"[get_call:140] fyersModel","message":{"Status Code":200,"API":"/profile"},"timestamp":"2025-09-26 15:16:56,267+0530","service":"FyersAPIRequest"}
{"level":"DEBUG","location":"[get_call:140] fyersModel","message":{"Status Code":200,"API":"/profile"},"timestamp":"2025-09-26 15:16:57,167+0530","service":"FyersAPIRequest"}
{"level":"DEBUG","location":"[get_call:140] fyersModel","message":{"Status Code":200,"API":"/profile"},"timestamp":"2025-09-26 15:16:58,068+0530","service":"FyersAPIRequest"}
{"level":"DEBUG","location":"[get_call:140] fyersModel","message":{"Status Code":200,"API":"/profile"},"timestamp":"2025-09-26 15:16:58,976+0530","service":"FyersAPIRequest"}
{"level":"DEBUG","location":"[get_call:140] fyersModel","message":{"Status Code":200,"API":"/profile"},"timestamp":"2025-09-26 15:16:59,911+0530","service":"FyersAPIRequest"}
{"level":"DEBUG","location":"[get_call:140] fyersModel","message":{"Status Code":200,"API":"/profile"},"timestamp":"2025-09-26 15:17:00,806+0530","service":"FyersAPIRequest"}
{"level":"DEBUG","location":"[get_call:140] fyersModel","message":{"Status Code":200,"API":"/profile"},"timestamp":"2025-09-26 15:17:01,720+0530","service":"FyersAPIRequest"}
{"level":"DEBUG","location":"[get_call:140] fyersModel","message":{"Status Code":200,"API":"/profile"},"timestamp":"2025-09-26 15:17:02,607+0530","service":"FyersAPIRequest"}
{"level":"DEBUG","location":"[get_call:140] fyersModel","message":{"Status Code":200,"API":"/profile"},"timestamp":"2025-09-26 15:17:03,569+0530","service":"FyersAPIRequest"}
{"level":"DEBUG","location":"[get_call:140] fyersModel","message":{"Status Code":200,"API":"/profile"},"timestamp":"2025-09-26 15:18:43,773+0530","service":"FyersAPIRequest"}
{"level":"DEBUG","location":"[get_call:140] fyersModel","message":{"Status Code":200,"API":"/funds"},"timestamp":"2025-09-26 15:18:44,061+0530","service":"FyersAPIRequest"}
{"level":"DEBUG","location":"[get_call:140] fyersModel","message":{"Status Code":200,"API":"/profile"},"timestamp":"2025-09-26 15:18:44,373+0530","service":"FyersAPIRequest"}
{"level":"DEBUG","location":"[get_call:140] fyersModel","message":{"Status Code":200,"API":"/funds"},"timestamp":"2025-09-26 15:18:44,655+0530","service":"FyersAPIRequest"}
{"level":"DEBUG","location":"[get_call:140] fyersModel","message":{"Status Code":200,"API":"/profile"},"timestamp":"2025-09-26 15:18:44,950+0530","service":"FyersAPIRequest"}
{"level":"DEBUG","location":"[get_call:140] fyersModel","message":{"Status Code":200,"API":"/funds"},"timestamp":"2025-09-26 15:18:45,253+0530","service":"FyersAPIRequest"}
{"level":"DEBUG","location":"[get_call:140] fyersModel","message":{"Status Code":200,"API":"/profile"},"timestamp":"2025-09-26 15:18:45,577+0530","service":"FyersAPIRequest"}
{"level":"DEBUG","location":"[get_call:140] fyersModel","message":{"Status Code":200,"API":"/funds"},"timestamp":"2025-09-26 15:18:46,359+0530","service":"FyersAPIRequest"}
{"level":"DEBUG","location":"[get_call:140] fyersModel","message":{"Status Code":200,"API":"/positions"},"timestamp":"2025-09-26 15:18:47,156+0530","service":"FyersAPIRequest"}
{"level":"DEBUG","location":"[get_call:140] fyersModel","message":{"Status Code":200,"API":"/profile"},"timestamp":"2025-09-26 15:18:47,965+0530","service":"FyersAPIRequest"}
{"level":"DEBUG","location":"[get_call:140] fyersModel","message":{"Status Code":200,"API":"/funds"},"timestamp":"2025-09-26 15:18:48,769+0530","service":"FyersAPIRequest"}
{"level":"DEBUG","location":"[get_call:140] fyersModel","message":{"Status Code":200,"API":"/positions"},"timestamp":"2025-09-26 15:18:49,558+0530","service":"FyersAPIRequest"}
{"level":"DEBUG","location":"[get_call:140] fyersModel","message":{"Status Code":200,"API":"/profile"},"timestamp":"2025-09-26 15:18:50,376+0530","service":"FyersAPIRequest"}
{"level":"DEBUG","location":"[get_call:140] fyersModel","message":{"Status Code":200,"API":"/funds"},"timestamp":"2025-09-26 15:18:51,169+0530","service":"FyersAPIRequest"}
{"level":"DEBUG","location":"[get_call:140] fyersModel","message":{"Status Code":200,"API":"/positions"},"timestamp":"2025-09-26 15:18:51,969+0530","service":"FyersAPIRequest"}
{"level":"DEBUG","location":"[get_call:140] fyersModel","message":{"Status Code":200,"API":"/profile"},"timestamp":"2025-09-26 15:18:52,762+0530","service":"FyersAPIRequest"}
{"level":"DEBUG","location":"[get_call:140] fyersModel","message":{"Status Code":200,"API":"/funds"},"timestamp":"2025-09-26 15:18:53,561+0530","service":"FyersAPIRequest"}
{"level":"DEBUG","location":"[get_call:140] fyersModel","message":{"Status Code":200,"API":"/positions"},"timestamp":"2025-09-26 15:18:54,322+0530","service":"FyersAPIRequest"}
{"level":"DEBUG","location":"[get_call:140] fyersModel","message":{"Status Code":200,"API":"/profile"},"timestamp":"2025-09-26 15:18:55,127+0530","service":"FyersAPIRequest"}
{"level":"DEBUG","location":"[get_call:140] fyersModel","message":{"Status Code":200,"API":"/funds"},"timestamp":"2025-09-26 15:18:55,909+0530","service":"FyersAPIRequest"}
{"level":"DEBUG","location":"[get_call:140] fyersModel","message":{"Status Code":200,"API":"/positions"},"timestamp":"2025-09-26 15:18:56,681+0530","service":"FyersAPIRequest"}
{"level":"DEBUG","location":"[get_call:140] fyersModel","message":{"Status Code":200,"API":"/profile"},"timestamp":"2025-09-26 15:20:20,755+0530","service":"FyersAPIRequest"}
{"level":"DEBUG","location":"[get_call:140] fyersModel","message":{"Status Code":200,"API":"/funds"},"timestamp":"2025-09-26 15:20:21,135+0530","service":"FyersAPIRequest"}
{"level":"DEBUG","location":"[get_call:140] fyersModel","message":{"Status Code":200,"API":"/profile"},"timestamp":"2025-09-26 15:20:21,570+0530","service":"FyersAPIRequest"}
{"level":"DEBUG","location":"[get_call:140] fyersModel","message":{"Status Code":200,"API":"/funds"},"timestamp":"2025-09-26 15:20:21,941+0530","service":"FyersAPIRequest"}
{"level":"DEBUG","location":"[get_call:140] fyersModel","message":{"Status Code":200,"API":"/profile"},"timestamp":"2025-09-26 15:20:22,346+0530","service":"FyersAPIRequest"}
{"level":"DEBUG","location":"[get_call:140] fyersModel","message":{"Status Code":200,"API":"/funds"},"timestamp":"2025-09-26 15:20:22,729+0530","service":"FyersAPIRequest"}
{"level":"DEBUG","location":"[get_call:140] fyersModel","message":{"Status Code":200,"API":"/profile"},"timestamp":"2025-09-26 15:20:23,149+0530","service":"FyersAPIRequest"}
{"level":"DEBUG","location":"[get_call:140] fyersModel","message":{"Status Code":200,"API":"/funds"},"timestamp":"2025-09-26 15:20:23,571+0530","service":"FyersAPIRequest"}
{"level":"DEBUG","location":"[get_call:140] fyersModel","message":{"Status Code":200,"API":"/positions"},"timestamp":"2025-09-26 15:20:23,945+0530","service":"FyersAPIRequest"}
{"level":"DEBUG","location":"[get_call:140] fyersModel","message":{"Status Code":200,"API":"/profile"},"timestamp":"2025-09-26 15:20:24,354+0530","service":"FyersAPIRequest"}
{"level":"DEBUG","location":"[get_call:140] fyersModel","message":{"Status Code":200,"API":"/funds"},"timestamp":"2025-09-26 15:20:24,728+0530","service":"FyersAPIRequest"}
{"level":"DEBUG","location":"[get_call:140] fyersModel","message":{"Status Code":200,"API":"/positions"},"timestamp":"2025-09-26 15:20:25,113+0530","service":"FyersAPIRequest"}
{"level":"DEBUG","location":"[get_call:140] fyersModel","message":{"Status Code":200,"API":"/profile"},"timestamp":"2025-09-26 15:20:25,515+0530","service":"FyersAPIRequest"}
{"level":"DEBUG","location":"[get_call:140] fyersModel","message":{"Status Code":200,"API":"/funds"},"timestamp":"2025-09-26 15:20:25,889+0530","service":"FyersAPIRequest"}
{"level":"DEBUG","location":"[get_call:140] fyersModel","message":{"Status Code":200,"API":"/positions"},"timestamp":"2025-09-26 15:20:26,266+0530","service":"FyersAPIRequest"}
{"level":"DEBUG","location":"[get_call:140] fyersModel","message":{"Status Code":200,"API":"/profile"},"timestamp":"2025-09-26 15:20:26,693+0530","service":"FyersAPIRequest"}
{"level":"DEBUG","location":"[get_call:140] fyersModel","message":{"Status Code":200,"API":"/funds"},"timestamp":"2025-09-26 15:20:27,070+0530","service":"FyersAPIRequest"}
{"level":"DEBUG","location":"[get_call:140] fyersModel","message":{"Status Code":200,"API":"/positions"},"timestamp":"2025-09-26 15:20:27,450+0530","service":"FyersAPIRequest"}
{"level":"DEBUG","location":"[get_call:140] fyersModel","message":{"Status Code":200,"API":"/profile"},"timestamp":"2025-09-26 15:20:27,852+0530","service":"FyersAPIRequest"}
{"level":"DEBUG","location":"[get_call:140] fyersModel","message":{"Status Code":200,"API":"/funds"},"timestamp":"2025-09-26 15:20:28,229+0530","service":"FyersAPIRequest"}
{"level":"DEBUG","location":"[get_call:140] fyersModel","message":{"Status Code":200,"API":"/positions"},"timestamp":"2025-09-26 15:20:28,616+0530","service":"FyersAPIRequest"}
{"level":"DEBUG","location":"[get_call:140] fyersModel","message":{"Status Code":200,"API":"/profile"},"timestamp":"2025-09-26 15:24:03,794+0530","service":"FyersAPIRequest"}
{"level":"DEBUG","location":"[get_call:140] fyersModel","message":{"Status Code":200,"API":"/funds"},"timestamp":"2025-09-26 15:24:04,056+0530","service":"FyersAPIRequest"}
{"level":"DEBUG","location":"[get_call:140] fyersModel","message":{"Status Code":200,"API":"/profile"},"timestamp":"2025-09-26 15:24:04,326+0530","service":"FyersAPIRequest"}
{"level":"DEBUG","location":"[get_call:140] fyersModel","message":{"Status Code":200,"API":"/funds"},"timestamp":"2025-09-26 15:24:04,566+0530","service":"FyersAPIRequest"}
{"level":"DEBUG","location":"[get_call:140] fyersModel","message":{"Status Code":200,"API":"/profile"},"timestamp":"2025-09-26 15:24:16,988+0530","service":"FyersAPIRequest"}
{"level":"DEBUG","location":"[get_call:140] fyersModel","message":{"Status Code":200,"API":"/funds"},"timestamp":"2025-09-26 15:24:17,232+0530","service":"FyersAPIRequest"}
{"level":"DEBUG","location":"[get_call:140] fyersModel","message":{"Status Code":200,"API":"/positions"},"timestamp":"2025-09-26 15:24:17,473+0530","service":"FyersAPIRequest"}
{"level":"DEBUG","location":"[get_call:140] fyersModel","message":{"Status Code":200,"API":"/profile"},"timestamp":"2025-09-26 15:24:17,725+0530","service":"FyersAPIRequest"}
{"level":"DEBUG","location":"[get_call:140] fyersModel","message":{"Status Code":200,"API":"/funds"},"timestamp":"2025-09-26 15:24:17,963+0530","service":"FyersAPIRequest"}
{"level":"DEBUG","location":"[get_call:140] fyersModel","message":{"Status Code":200,"API":"/positions"},"timestamp":"2025-09-26 15:24:18,203+0530","service":"FyersAPIRequest"}
{"level":"DEBUG","location":"[get_call:140] fyersModel","message":{"Status Code":200,"API":"/profile"},"timestamp":"2025-09-26 15:24:18,469+0530","service":"FyersAPIRequest"}
{"level":"DEBUG","location":"[get_call:140] fyersModel","message":{"Status Code":200,"API":"/funds"},"timestamp":"2025-09-26 15:24:18,727+0530","service":"FyersAPIRequest"}
{"level":"DEBUG","location":"[get_call:140] fyersModel","message":{"Status Code":200,"API":"/positions"},"timestamp":"2025-09-26 15:24:18,972+0530","service":"FyersAPIRequest"}
{"level":"DEBUG","location":"[get_call:140] fyersModel","message":{"Status Code":200,"API":"/profile"},"timestamp":"2025-09-26 15:24:19,254+0530","service":"FyersAPIRequest"}
{"level":"DEBUG","location":"[get_call:140] fyersModel","message":{"Status Code":200,"API":"/funds"},"timestamp":"2025-09-26 15:24:19,487+0530","service":"FyersAPIRequest"}
{"level":"DEBUG","location":"[get_call:140] fyersModel","message":{"Status Code":200,"API":"/positions"},"timestamp":"2025-09-26 15:24:19,741+0530","service":"FyersAPIRequest"}
{"level":"DEBUG","location":"[get_call:140] fyersModel","message":{"Status Code":200,"API":"/profile"},"timestamp":"2025-09-26 15:24:19,999+0530","service":"FyersAPIRequest"}
{"level":"DEBUG","location":"[get_call:140] fyersModel","message":{"Status Code":200,"API":"/funds"},"timestamp":"2025-09-26 15:24:20,263+0530","service":"FyersAPIRequest"}
{"level":"DEBUG","location":"[get_call:140] fyersModel","message":{"Status Code":200,"API":"/positions"},"timestamp":"2025-09-26 15:24:20,506+0530","service":"FyersAPIRequest"}
{"level":"DEBUG","location":"[get_call:140] fyersModel","message":{"Status Code":200,"API":"/profile"},"timestamp":"2025-09-26 15:25:15,148+0530","service":"FyersAPIRequest"}
{"level":"DEBUG","location":"[get_call:140] fyersModel","message":{"Status Code":200,"API":"/profile"},"timestamp":"2025-09-26 15:25:15,582+0530","service":"FyersAPIRequest"}
{"level":"DEBUG","location":"[get_call:140] fyersModel","message":{"Status Code":200,"API":"/profile"},"timestamp":"2025-09-26 15:25:15,986+0530","service":"FyersAPIRequest"}
{"level":"DEBUG","location":"[get_call:140] fyersModel","message":{"Status Code":200,"API":"/funds"},"timestamp":"2025-09-26 15:25:16,363+0530","service":"FyersAPIRequest"}
{"level":"DEBUG","location":"[get_call:140] fyersModel","message":{"Status Code":200,"API":"/positions"},"timestamp":"2025-09-26 15:25:16,747+0530","service":"FyersAPIRequest"}
{"level":"DEBUG","location":"[get_call:140] fyersModel","message":{"Status Code":200,"API":"/profile"},"timestamp":"2025-09-26 15:25:17,224+0530","service":"FyersAPIRequest"}
{"level":"DEBUG","location":"[get_call:140] fyersModel","message":{"Status Code":200,"API":"/funds"},"timestamp":"2025-09-26 15:25:17,607+0530","service":"FyersAPIRequest"}
{"level":"DEBUG","location":"[get_call:140] fyersModel","message":{"Status Code":200,"API":"/positions"},"timestamp":"2025-09-26 15:25:17,984+0530","service":"FyersAPIRequest"}
{"level":"DEBUG","location":"[get_call:140] fyersModel","message":{"Status Code":200,"API":"/profile"},"timestamp":"2025-09-26 15:25:18,382+0530","service":"FyersAPIRequest"}
{"level":"DEBUG","location":"[get_call:140] fyersModel","message":{"Status Code":200,"API":"/funds"},"timestamp":"2025-09-26 15:25:18,763+0530","service":"FyersAPIRequest"}
{"level":"DEBUG","location":"[get_call:140] fyersModel","message":{"Status Code":200,"API":"/positions"},"timestamp":"2025-09-26 15:25:19,145+0530","service":"FyersAPIRequest"}
{"level":"DEBUG","location":"[get_call:140] fyersModel","message":{"Status Code":200,"API":"/profile"},"timestamp":"2025-09-26 15:25:19,613+0530","service":"FyersAPIRequest"}
{"level":"DEBUG","location":"[get_call:140] fyersModel","message":{"Status Code":200,"API":"/funds"},"timestamp":"2025-09-26 15:25:20,053+0530","service":"FyersAPIRequest"}
{"level":"DEBUG","location":"[get_call:140] fyersModel","message":{"Status Code":200,"API":"/positions"},"timestamp":"2025-09-26 15:25:20,436+0530","service":"FyersAPIRequest"}
{"level":"DEBUG","location":"[get_call:140] fyersModel","message":{"Status Code":200,"API":"/profile"},"timestamp":"2025-09-26 15:25:20,856+0530","service":"FyersAPIRequest"}
{"level":"DEBUG","location":"[get_call:140] fyersModel","message":{"Status Code":200,"API":"/funds"},"timestamp":"2025-09-26 15:25:21,229+0530","service":"FyersAPIRequest"}
{"level":"DEBUG","location":"[get_call:140] fyersModel","message":{"Status Code":200,"API":"/positions"},"timestamp":"2025-09-26 15:25:21,599+0530","service":"FyersAPIRequest"}
{"level":"DEBUG","location":"[get_call:140] fyersModel","message":{"Status Code":200,"API":"/profile"},"timestamp":"2025-09-26 15:26:16,574+0530","service":"FyersAPIRequest"}
{"level":"DEBUG","location":"[get_call:140] fyersModel","message":{"Status Code":200,"API":"/funds"},"timestamp":"2025-09-26 15:26:16,818+0530","service":"FyersAPIRequest"}
{"level":"DEBUG","location":"[get_call:140] fyersModel","message":{"Status Code":200,"API":"/holdings"},"timestamp":"2025-09-26 15:26:17,091+0530","service":"FyersAPIRequest"}
{"level":"DEBUG","location":"[get_call:140] fyersModel","message":{"Status Code":200,"API":"/profile"},"timestamp":"2025-09-26 15:26:17,366+0530","service":"FyersAPIRequest"}
{"level":"DEBUG","location":"[get_call:140] fyersModel","message":{"Status Code":200,"API":"/funds"},"timestamp":"2025-09-26 15:26:17,617+0530","service":"FyersAPIRequest"}
{"level":"DEBUG","location":"[get_call:140] fyersModel","message":{"Status Code":200,"API":"/holdings"},"timestamp":"2025-09-26 15:26:17,858+0530","service":"FyersAPIRequest"}
{"level":"DEBUG","location":"[get_call:140] fyersModel","message":{"Status Code":200,"API":"/profile"},"timestamp":"2025-09-26 15:26:18,122+0530","service":"FyersAPIRequest"}
{"level":"DEBUG","location":"[get_call:140] fyersModel","message":{"Status Code":200,"API":"/funds"},"timestamp":"2025-09-26 15:26:18,364+0530","service":"FyersAPIRequest"}
{"level":"DEBUG","location":"[get_call:140] fyersModel","message":{"Status Code":200,"API":"/positions"},"timestamp":"2025-09-26 15:26:18,602+0530","service":"FyersAPIRequest"}
{"level":"DEBUG","location":"[get_call:140] fyersModel","message":{"Status Code":200,"API":"/profile"},"timestamp":"2025-09-26 15:26:18,868+0530","service":"FyersAPIRequest"}
{"level":"DEBUG","location":"[get_call:140] fyersModel","message":{"Status Code":200,"API":"/funds"},"timestamp":"2025-09-26 15:26:19,111+0530","service":"FyersAPIRequest"}
{"level":"DEBUG","location":"[get_call:140] fyersModel","message":{"Status Code":200,"API":"/positions"},"timestamp":"2025-09-26 15:26:19,355+0530","service":"FyersAPIRequest"}
{"level":"DEBUG","location":"[get_call:140] fyersModel","message":{"Status Code":200,"API":"/profile"},"timestamp":"2025-09-26 15:26:19,616+0530","service":"FyersAPIRequest"}
{"level":"DEBUG","location":"[get_call:140] fyersModel","message":{"Status Code":200,"API":"/funds"},"timestamp":"2025-09-26 15:26:19,853+0530","service":"FyersAPIRequest"}
{"level":"DEBUG","location":"[get_call:140] fyersModel","message":{"Status Code":200,"API":"/positions"},"timestamp":"2025-09-26 15:26:20,089+0530","service":"FyersAPIRequest"}
{"level":"DEBUG","location":"[get_call:140] fyersModel","message":{"Status Code":200,"API":"/profile"},"timestamp":"2025-09-26 15:26:20,391+0530","service":"FyersAPIRequest"}
{"level":"DEBUG","location":"[get_call:140] fyersModel","message":{"Status Code":200,"API":"/funds"},"timestamp":"2025-09-26 15:26:20,628+0530","service":"FyersAPIRequest"}
{"level":"DEBUG","location":"[get_call:140] fyersModel","message":{"Status Code":200,"API":"/positions"},"timestamp":"2025-09-26 15:26:20,898+0530","service":"FyersAPIRequest"}
{"level":"DEBUG","location":"[get_call:140] fyersModel","message":{"Status Code":200,"API":"/profile"},"timestamp":"2025-09-26 15:26:21,167+0530","service":"FyersAPIRequest"}
{"level":"DEBUG","location":"[get_call:140] fyersModel","message":{"Status Code":200,"API":"/funds"},"timestamp":"2025-09-26 15:26:21,404+0530","service":"FyersAPIRequest"}
{"level":"DEBUG","location":"[get_call:140] fyersModel","message":{"Status Code":200,"API":"/positions"},"timestamp":"2025-09-26 15:26:21,683+0530","service":"FyersAPIRequest"}
{"level":"DEBUG","location":"[get_call:140] fyersModel","message":{"Status Code":200,"API":"/quotes"},"timestamp":"2025-09-26 15:31:47,289+0530","service":"FyersAPIRequest","taskName":"Task-1"}
{"level":"DEBUG","location":"[get_call:140] fyersModel","message":{"Status Code":200,"API":"/quotes"},"timestamp":"2025-09-26 15:31:49,601+0530","service":"FyersAPIRequest","taskName":"Task-1"}
{"level":"DEBUG","location":"[get_call:140] fyersModel","message":{"Status Code":200,"API":"/quotes"},"timestamp":"2025-09-26 15:31:51,863+0530","service":"FyersAPIRequest","taskName":"Task-1"}
{"level":"DEBUG","location":"[get_call:140] fyersModel","message":{"Status Code":200,"API":"/quotes"},"timestamp":"2025-09-26 15:31:54,168+0530","service":"FyersAPIRequest","taskName":"Task-1"}
{"level":"DEBUG","location":"[get_call:140] fyersModel","message":{"Status Code":200,"API":"/quotes"},"timestamp":"2025-09-26 15:31:56,430+0530","service":"FyersAPIRequest","taskName":"Task-1"}
{"level":"DEBUG","location":"[get_call:140] fyersModel","message":{"Status Code":200,"API":"/quotes"},"timestamp":"2025-09-26 15:31:58,678+0530","service":"FyersAPIRequest","taskName":"Task-1"}
{"level":"DEBUG","location":"[get_call:140] fyersModel","message":{"Status Code":200,"API":"/quotes"},"timestamp":"2025-09-26 15:32:00,941+0530","service":"FyersAPIRequest","taskName":"Task-1"}
{"level":"DEBUG","location":"[get_call:140] fyersModel","message":{"Status Code":200,"API":"/quotes"},"timestamp":"2025-09-26 15:32:03,195+0530","service":"FyersAPIRequest","taskName":"Task-1"}
{"level":"DEBUG","location":"[get_call:140] fyersModel","message":{"Status Code":200,"API":"/quotes"},"timestamp":"2025-09-26 15:32:05,451+0530","service":"FyersAPIRequest","taskName":"Task-1"}
{"level":"DEBUG","location":"[get_call:140] fyersModel","message":{"Status Code":200,"API":"/quotes"},"timestamp":"2025-09-26 15:32:07,720+0530","service":"FyersAPIRequest","taskName":"Task-1"}
{"level":"DEBUG","location":"[get_call:140] fyersModel","message":{"Status Code":200,"API":"/quotes"},"timestamp":"2025-09-26 15:32:09,967+0530","service":"FyersAPIRequest","taskName":"Task-1"}
{"level":"DEBUG","location":"[get_call:140] fyersModel","message":{"Status Code":200,"API":"/quotes"},"timestamp":"2025-09-26 15:32:12,225+0530","service":"FyersAPIRequest","taskName":"Task-1"}
{"level":"DEBUG","location":"[get_call:140] fyersModel","message":{"Status Code":200,"API":"/quotes"},"timestamp":"2025-09-26 15:32:14,478+0530","service":"FyersAPIRequest","taskName":"Task-1"}
{"level":"DEBUG","location":"[get_call:140] fyersModel","message":{"Status Code":200,"API":"/quotes"},"timestamp":"2025-09-26 15:32:16,737+0530","service":"FyersAPIRequest","taskName":"Task-1"}
{"level":"DEBUG","location":"[get_call:140] fyersModel","message":{"Status Code":200,"API":"/quotes"},"timestamp":"2025-09-26 15:32:18,997+0530","service":"FyersAPIRequest","taskName":"Task-1"}
{"level":"DEBUG","location":"[get_call:140] fyersModel","message":{"Status Code":200,"API":"/quotes"},"timestamp":"2025-09-26 15:32:21,249+0530","service":"FyersAPIRequest","taskName":"Task-1"}
{"level":"DEBUG","location":"[get_call:140] fyersModel","message":{"Status Code":200,"API":"/quotes"},"timestamp":"2025-09-26 15:33:04,306+0530","service":"FyersAPIRequest","taskName":"Task-1"}
{"level":"DEBUG","location":"[get_call:140] fyersModel","message":{"Status Code":200,"API":"/quotes"},"timestamp":"2025-09-26 15:33:06,731+0530","service":"FyersAPIRequest","taskName":"Task-1"}
{"level":"DEBUG","location":"[get_call:140] fyersModel","message":{"Status Code":200,"API":"/quotes"},"timestamp":"2025-09-26 15:33:09,131+0530","service":"FyersAPIRequest","taskName":"Task-1"}
{"level":"DEBUG","location":"[get_call:140] fyersModel","message":{"Status Code":200,"API":"/quotes"},"timestamp":"2025-09-26 15:33:11,523+0530","service":"FyersAPIRequest","taskName":"Task-1"}
{"level":"DEBUG","location":"[get_call:140] fyersModel","message":{"Status Code":200,"API":"/quotes"},"timestamp":"2025-09-26 15:38:35,252+0530","service":"FyersAPIRequest","taskName":"Task-1"}
{"level":"DEBUG","location":"[get_call:140] fyersModel","message":{"Status Code":200,"API":"/quotes"},"timestamp":"2025-09-26 15:38:37,507+0530","service":"FyersAPIRequest","taskName":"Task-1"}
{"level":"DEBUG","location":"[get_call:140] fyersModel","message":{"Status Code":200,"API":"/quotes"},"timestamp":"2025-09-26 15:38:39,770+0530","service":"FyersAPIRequest","taskName":"Task-1"}
{"level":"DEBUG","location":"[get_call:140] fyersModel","message":{"Status Code":200,"API":"/quotes"},"timestamp":"2025-09-26 15:38:42,026+0530","service":"FyersAPIRequest","taskName":"Task-1"}
{"level":"DEBUG","location":"[get_call:140] fyersModel","message":{"Status Code":200,"API":"/quotes"},"timestamp":"2025-09-26 15:38:44,295+0530","service":"FyersAPIRequest","taskName":"Task-1"}
{"level":"DEBUG","location":"[get_call:140] fyersModel","message":{"Status Code":200,"API":"/quotes"},"timestamp":"2025-09-26 15:38:46,570+0530","service":"FyersAPIRequest","taskName":"Task-1"}
{"level":"DEBUG","location":"[get_call:140] fyersModel","message":{"Status Code":200,"API":"/quotes"},"timestamp":"2025-09-26 15:38:48,920+0530","service":"FyersAPIRequest","taskName":"Task-1"}
{"level":"DEBUG","location":"[get_call:140] fyersModel","message":{"Status Code":200,"API":"/quotes"},"timestamp":"2025-09-26 15:38:51,185+0530","service":"FyersAPIRequest","taskName":"Task-1"}
{"level":"DEBUG","location":"[get_call:140] fyersModel","message":{"Status Code":200,"API":"/quotes"},"timestamp":"2025-09-26 15:38:53,437+0530","service":"FyersAPIRequest","taskName":"Task-1"}
{"level":"DEBUG","location":"[get_call:140] fyersModel","message":{"Status Code":200,"API":"/quotes"},"timestamp":"2025-09-26 15:38:55,708+0530","service":"FyersAPIRequest","taskName":"Task-1"}
{"level":"DEBUG","location":"[get_call:140] fyersModel","message":{"Status Code":200,"API":"/quotes"},"timestamp":"2025-09-26 15:38:57,964+0530","service":"FyersAPIRequest","taskName":"Task-1"}
{"level":"DEBUG","location":"[get_call:140] fyersModel","message":{"Status Code":200,"API":"/quotes"},"timestamp":"2025-09-26 15:41:11,031+0530","service":"FyersAPIRequest","taskName":"Task-1"}
{"level":"DEBUG","location":"[get_call:140] fyersModel","message":{"Status Code":200,"API":"/quotes"},"timestamp":"2025-09-26 15:41:13,299+0530","service":"FyersAPIRequest","taskName":"Task-1"}
{"level":"DEBUG","location":"[get_call:140] fyersModel","message":{"Status Code":200,"API":"/quotes"},"timestamp":"2025-09-26 15:41:53,744+0530","service":"FyersAPIRequest","taskName":"Task-1"}
{"level":"DEBUG","location":"[get_call:140] fyersModel","message":{"Status Code":200,"API":"/quotes"},"timestamp":"2025-09-26 15:41:53,990+0530","service":"FyersAPIRequest","taskName":"Task-1"}
{"level":"DEBUG","location":"[get_call:140] fyersModel","message":{"Status Code":200,"API":"/quotes"},"timestamp":"2025-09-26 15:41:54,233+0530","service":"FyersAPIRequest","taskName":"Task-1"}
{"level":"DEBUG","location":"[get_call:140] fyersModel","message":{"Status Code":200,"API":"/quotes"},"timestamp":"2025-09-26 15:41:56,513+0530","service":"FyersAPIRequest","taskName":"Task-1"}
{"level":"DEBUG","location":"[get_call:140] fyersModel","message":{"Status Code":200,"API":"/quotes"},"timestamp":"2025-09-26 15:41:56,781+0530","service":"FyersAPIRequest","taskName":"Task-1"}
{"level":"DEBUG","location":"[get_call:140] fyersModel","message":{"Status Code":200,"API":"/quotes"},"timestamp":"2025-09-26 15:41:57,026+0530","service":"FyersAPIRequest","taskName":"Task-1"}
{"level":"DEBUG","location":"[get_call:140] fyersModel","message":{"Status Code":200,"API":"/quotes"},"timestamp":"2025-09-26 15:41:59,278+0530","service":"FyersAPIRequest","taskName":"Task-1"}
{"level":"DEBUG","location":"[get_call:140] fyersModel","message":{"Status Code":200,"API":"/quotes"},"timestamp":"2025-09-26 15:41:59,561+0530","service":"FyersAPIRequest","taskName":"Task-1"}
{"level":"DEBUG","location":"[get_call:140] fyersModel","message":{"Status Code":200,"API":"/quotes"},"timestamp":"2025-09-26 15:41:59,811+0530","service":"FyersAPIRequest","taskName":"Task-1"}
{"level":"DEBUG","location":"[get_call:140] fyersModel","message":{"Status Code":200,"API":"/quotes"},"timestamp":"2025-09-26 15:42:02,056+0530","service":"FyersAPIRequest","taskName":"Task-1"}
{"level":"DEBUG","location":"[get_call:140] fyersModel","message":{"Status Code":200,"API":"/quotes"},"timestamp":"2025-09-26 15:42:02,296+0530","service":"FyersAPIRequest","taskName":"Task-1"}
{"level":"DEBUG","location":"[get_call:140] fyersModel","message":{"Status Code":200,"API":"/quotes"},"timestamp":"2025-09-26 15:42:02,539+0530","service":"FyersAPIRequest","taskName":"Task-1"}
{"level":"DEBUG","location":"[get_call:140] fyersModel","message":{"Status Code":200,"API":"/quotes"},"timestamp":"2025-09-26 15:42:04,799+0530","service":"FyersAPIRequest","taskName":"Task-1"}
{"level":"DEBUG","location":"[get_call:140] fyersModel","message":{"Status Code":200,"API":"/quotes"},"timestamp":"2025-09-26 15:42:05,048+0530","service":"FyersAPIRequest","taskName":"Task-1"}
{"level":"DEBUG","location":"[get_call:140] fyersModel","message":{"Status Code":200,"API":"/quotes"},"timestamp":"2025-09-26 15:42:05,309+0530","service":"FyersAPIRequest","taskName":"Task-1"}
{"level":"DEBUG","location":"[get_call:140] fyersModel","message":{"Status Code":200,"API":"/quotes"},"timestamp":"2025-09-26 15:42:07,562+0530","service":"FyersAPIRequest","taskName":"Task-1"}
{"level":"DEBUG","location":"[get_call:140] fyersModel","message":{"Status Code":200,"API":"/quotes"},"timestamp":"2025-09-26 15:42:07,812+0530","service":"FyersAPIRequest","taskName":"Task-1"}
{"level":"DEBUG","location":"[get_call:140] fyersModel","message":{"Status Code":200,"API":"/quotes"},"timestamp":"2025-09-26 15:42:08,068+0530","service":"FyersAPIRequest","taskName":"Task-1"}
{"level":"DEBUG","location":"[get_call:140] fyersModel","message":{"Status Code":200,"API":"/quotes"},"timestamp":"2025-09-26 15:42:10,312+0530","service":"FyersAPIRequest","taskName":"Task-1"}
{"level":"DEBUG","location":"[get_call:140] fyersModel","message":{"Status Code":200,"API":"/quotes"},"timestamp":"2025-09-26 15:42:10,554+0530","service":"FyersAPIRequest","taskName":"Task-1"}
{"level":"DEBUG","location":"[get_call:140] fyersModel","message":{"Status Code":200,"API":"/quotes"},"timestamp":"2025-09-26 15:42:10,790+0530","service":"FyersAPIRequest","taskName":"Task-1"}
{"level":"DEBUG","location":"[get_call:140] fyersModel","message":{"Status Code":200,"API":"/quotes"},"timestamp":"2025-09-26 15:44:15,701+0530","service":"FyersAPIRequest","taskName":"Task-1"}
{"level":"DEBUG","location":"[get_call:140] fyersModel","message":{"Status Code":200,"API":"/quotes"},"timestamp":"2025-09-26 15:44:16,077+0530","service":"FyersAPIRequest","taskName":"Task-1"}
{"level":"DEBUG","location":"[get_call:140] fyersModel","message":{"Status Code":200,"API":"/quotes"},"timestamp":"2025-09-26 15:44:16,546+0530","service":"FyersAPIRequest","taskName":"Task-1"}
{"level":"DEBUG","location":"[get_call:140] fyersModel","message":{"Status Code":200,"API":"/quotes"},"timestamp":"2025-09-26 15:44:18,969+0530","service":"FyersAPIRequest","taskName":"Task-1"}
{"level":"DEBUG","location":"[get_call:140] fyersModel","message":{"Status Code":200,"API":"/quotes"},"timestamp":"2025-09-26 15:44:19,377+0530","service":"FyersAPIRequest","taskName":"Task-1"}
{"level":"DEBUG","location":"[get_call:140] fyersModel","message":{"Status Code":200,"API":"/quotes"},"timestamp":"2025-09-26 15:44:19,789+0530","service":"FyersAPIRequest","taskName":"Task-1"}
{"level":"DEBUG","location":"[get_call:140] fyersModel","message":{"Status Code":200,"API":"/quotes"},"timestamp":"2025-09-26 15:44:22,468+0530","service":"FyersAPIRequest","taskName":"Task-1"}
{"level":"DEBUG","location":"[get_call:140] fyersModel","message":{"Status Code":200,"API":"/quotes"},"timestamp":"2025-09-26 15:44:22,930+0530","service":"FyersAPIRequest","taskName":"Task-1"}
{"level":"DEBUG","location":"[get_call:140] fyersModel","message":{"Status Code":200,"API":"/quotes"},"timestamp":"2025-09-26 15:44:23,300+0530","service":"FyersAPIRequest","taskName":"Task-1"}
{"level":"DEBUG","location":"[get_call:140] fyersModel","message":{"Status Code":200,"API":"/quotes"},"timestamp":"2025-09-26 15:44:25,740+0530","service":"FyersAPIRequest","taskName":"Task-1"}
{"level":"DEBUG","location":"[get_call:140] fyersModel","message":{"Status Code":200,"API":"/quotes"},"timestamp":"2025-09-26 15:44:26,099+0530","service":"FyersAPIRequest","taskName":"Task-1"}
{"level":"DEBUG","location":"[get_call:140] fyersModel","message":{"Status Code":200,"API":"/quotes"},"timestamp":"2025-09-26 15:44:26,499+0530","service":"FyersAPIRequest","taskName":"Task-1"}
{"level":"DEBUG","location":"[get_call:140] fyersModel","message":{"Status Code":200,"API":"/quotes"},"timestamp":"2025-09-26 15:44:28,857+0530","service":"FyersAPIRequest","taskName":"Task-1"}
{"level":"DEBUG","location":"[get_call:140] fyersModel","message":{"Status Code":200,"API":"/quotes"},"timestamp":"2025-09-26 15:44:29,221+0530","service":"FyersAPIRequest","taskName":"Task-1"}
{"level":"DEBUG","location":"[get_call:140] fyersModel","message":{"Status Code":200,"API":"/quotes"},"timestamp":"2025-09-26 15:44:29,579+0530","service":"FyersAPIRequest","taskName":"Task-1"}
{"level":"DEBUG","location":"[get_call:140] fyersModel","message":{"Status Code":200,"API":"/quotes"},"timestamp":"2025-09-26 15:44:31,920+0530","service":"FyersAPIRequest","taskName":"Task-1"}
{"level":"DEBUG","location":"[get_call:140] fyersModel","message":{"Status Code":200,"API":"/quotes"},"timestamp":"2025-09-26 15:44:32,366+0530","service":"FyersAPIRequest","taskName":"Task-1"}
{"level":"DEBUG","location":"[get_call:140] fyersModel","message":{"Status Code":200,"API":"/quotes"},"timestamp":"2025-09-26 15:44:32,739+0530","service":"FyersAPIRequest","taskName":"Task-1"}
{"level":"DEBUG","location":"[get_call:140] fyersModel","message":{"Status Code":200,"API":"/quotes"},"timestamp":"2025-09-26 15:49:41,845+0530","service":"FyersAPIRequest","taskName":"Task-1"}
{"level":"DEBUG","location":"[get_call:140] fyersModel","message":{"Status Code":200,"API":"/quotes"},"timestamp":"2025-09-26 15:49:42,122+0530","service":"FyersAPIRequest","taskName":"Task-1"}
{"level":"DEBUG","location":"[get_call:140] fyersModel","message":{"Status Code":200,"API":"/quotes"},"timestamp":"2025-09-26 15:49:42,379+0530","service":"FyersAPIRequest","taskName":"Task-1"}
{"level":"DEBUG","location":"[get_call:140] fyersModel","message":{"Status Code":200,"API":"/quotes"},"timestamp":"2025-09-26 15:49:44,654+0530","service":"FyersAPIRequest","taskName":"Task-1"}
{"level":"DEBUG","location":"[get_call:140] fyersModel","message":{"Status Code":200,"API":"/quotes"},"timestamp":"2025-09-26 15:49:44,910+0530","service":"FyersAPIRequest","taskName":"Task-1"}
{"level":"DEBUG","location":"[get_call:140] fyersModel","message":{"Status Code":200,"API":"/quotes"},"timestamp":"2025-09-26 15:49:45,196+0530","service":"FyersAPIRequest","taskName":"Task-1"}
{"level":"DEBUG","location":"[get_call:140] fyersModel","message":{"Status Code":200,"API":"/quotes"},"timestamp":"2025-09-26 15:49:47,451+0530","service":"FyersAPIRequest","taskName":"Task-1"}
{"level":"DEBUG","location":"[get_call:140] fyersModel","message":{"Status Code":200,"API":"/quotes"},"timestamp":"2025-09-26 15:49:47,729+0530","service":"FyersAPIRequest","taskName":"Task-1"}
{"level":"DEBUG","location":"[get_call:140] fyersModel","message":{"Status Code":200,"API":"/quotes"},"timestamp":"2025-09-26 15:49:47,997+0530","service":"FyersAPIRequest","taskName":"Task-1"}
{"level":"DEBUG","location":"[get_call:140] fyersModel","message":{"Status Code":200,"API":"/quotes"},"timestamp":"2025-09-26 15:49:50,267+0530","service":"FyersAPIRequest","taskName":"Task-1"}
{"level":"DEBUG","location":"[get_call:140] fyersModel","message":{"Status Code":200,"API":"/quotes"},"timestamp":"2025-09-26 15:49:50,527+0530","service":"FyersAPIRequest","taskName":"Task-1"}
{"level":"DEBUG","location":"[get_call:140] fyersModel","message":{"Status Code":200,"API":"/quotes"},"timestamp":"2025-09-26 15:49:50,783+0530","service":"FyersAPIRequest","taskName":"Task-1"}
{"level":"DEBUG","location":"[get_call:140] fyersModel","message":{"Status Code":200,"API":"/quotes"},"timestamp":"2025-09-26 15:49:53,048+0530","service":"FyersAPIRequest","taskName":"Task-1"}
{"level":"DEBUG","location":"[get_call:140] fyersModel","message":{"Status Code":200,"API":"/quotes"},"timestamp":"2025-09-26 15:49:53,308+0530","service":"FyersAPIRequest","taskName":"Task-1"}
{"level":"DEBUG","location":"[get_call:140] fyersModel","message":{"Status Code":200,"API":"/quotes"},"timestamp":"2025-09-26 15:49:53,714+0530","service":"FyersAPIRequest","taskName":"Task-1"}
{"level":"DEBUG","location":"[get_call:140] fyersModel","message":{"Status Code":200,"API":"/quotes"},"timestamp":"2025-09-26 15:49:56,124+0530","service":"FyersAPIRequest","taskName":"Task-1"}
{"level":"DEBUG","location":"[get_call:140] fyersModel","message":{"Status Code":200,"API":"/quotes"},"timestamp":"2025-09-26 15:49:56,565+0530","service":"FyersAPIRequest","taskName":"Task-1"}
{"level":"DEBUG","location":"[get_call:140] fyersModel","message":{"Status Code":200,"API":"/quotes"},"timestamp":"2025-09-26 15:49:56,979+0530","service":"FyersAPIRequest","taskName":"Task-1"}
{"level":"DEBUG","location":"[get_call:140] fyersModel","message":{"Status Code":200,"API":"/quotes"},"timestamp":"2025-09-26 15:49:59,381+0530","service":"FyersAPIRequest","taskName":"Task-1"}
{"level":"DEBUG","location":"[get_call:140] fyersModel","message":{"Status Code":200,"API":"/quotes"},"timestamp":"2025-09-26 15:49:59,773+0530","service":"FyersAPIRequest","taskName":"Task-1"}
{"level":"DEBUG","location":"[get_call:140] fyersModel","message":{"Status Code":200,"API":"/quotes"},"timestamp":"2025-09-26 15:50:00,171+0530","service":"FyersAPIRequest","taskName":"Task-1"}
{"level":"DEBUG","location":"[get_call:140] fyersModel","message":{"Status Code":200,"API":"/quotes"},"timestamp":"2025-09-26 15:50:02,599+0530","service":"FyersAPIRequest","taskName":"Task-1"}
{"level":"DEBUG","location":"[get_call:140] fyersModel","message":{"Status Code":200,"API":"/quotes"},"timestamp":"2025-09-26 15:50:02,994+0530","service":"FyersAPIRequest","taskName":"Task-1"}
{"level":"DEBUG","location":"[get_call:140] fyersModel","message":{"Status Code":200,"API":"/quotes"},"timestamp":"2025-09-26 15:50:03,383+0530","service":"FyersAPIRequest","taskName":"Task-1"}
{"level":"DEBUG","location":"[get_call:140] fyersModel","message":{"Status Code":200,"API":"/quotes"},"timestamp":"2025-09-26 15:50:05,779+0530","service":"FyersAPIRequest","taskName":"Task-1"}
{"level":"DEBUG","location":"[get_call:140] fyersModel","message":{"Status Code":200,"API":"/quotes"},"timestamp":"2025-09-26 15:50:06,197+0530","service":"FyersAPIRequest","taskName":"Task-1"}
{"level":"DEBUG","location":"[get_call:140] fyersModel","message":{"Status Code":200,"API":"/quotes"},"timestamp":"2025-09-26 15:50:06,568+0530","service":"FyersAPIRequest","taskName":"Task-1"}
{"level":"DEBUG","location":"[get_call:140] fyersModel","message":{"Status Code":200,"API":"/quotes"},"timestamp":"2025-09-26 15:50:08,982+0530","service":"FyersAPIRequest","taskName":"Task-1"}
{"level":"DEBUG","location":"[get_call:140] fyersModel","message":{"Status Code":200,"API":"/quotes"},"timestamp":"2025-09-26 15:50:09,364+0530","service":"FyersAPIRequest","taskName":"Task-1"}
{"level":"DEBUG","location":"[get_call:140] fyersModel","message":{"Status Code":200,"API":"/quotes"},"timestamp":"2025-09-26 15:50:09,764+0530","service":"FyersAPIRequest","taskName":"Task-1"}
{"level":"DEBUG","location":"[get_call:140] fyersModel","message":{"Status Code":200,"API":"/quotes"},"timestamp":"2025-09-26 15:53:11,320+0530","service":"FyersAPIRequest","taskName":"Task-1"}
{"level":"DEBUG","location":"[get_call:140] fyersModel","message":{"Status Code":200,"API":"/quotes"},"timestamp":"2025-09-26 15:53:11,574+0530","service":"FyersAPIRequest","taskName":"Task-1"}
{"level":"DEBUG","location":"[get_call:140] fyersModel","message":{"Status Code":200,"API":"/quotes"},"timestamp":"2025-09-26 15:53:11,824+0530","service":"FyersAPIRequest","taskName":"Task-1"}
{"level":"DEBUG","location":"[get_call:140] fyersModel","message":{"Status Code":200,"API":"/quotes"},"timestamp":"2025-09-26 15:53:14,086+0530","service":"FyersAPIRequest","taskName":"Task-1"}
{"level":"DEBUG","location":"[get_call:140] fyersModel","message":{"Status Code":200,"API":"/quotes"},"timestamp":"2025-09-26 15:53:14,338+0530","service":"FyersAPIRequest","taskName":"Task-1"}
{"level":"DEBUG","location":"[get_call:140] fyersModel","message":{"Status Code":200,"API":"/quotes"},"timestamp":"2025-09-26 15:53:14,592+0530","service":"FyersAPIRequest","taskName":"Task-1"}
{"level":"DEBUG","location":"[get_call:140] fyersModel","message":{"Status Code":200,"API":"/quotes"},"timestamp":"2025-09-26 15:53:16,850+0530","service":"FyersAPIRequest","taskName":"Task-1"}
{"level":"DEBUG","location":"[get_call:140] fyersModel","message":{"Status Code":200,"API":"/quotes"},"timestamp":"2025-09-26 15:53:17,104+0530","service":"FyersAPIRequest","taskName":"Task-1"}
{"level":"DEBUG","location":"[get_call:140] fyersModel","message":{"Status Code":200,"API":"/quotes"},"timestamp":"2025-09-26 15:53:17,351+0530","service":"FyersAPIRequest","taskName":"Task-1"}
{"level":"DEBUG","location":"[get_call:140] fyersModel","message":{"Status Code":200,"API":"/quotes"},"timestamp":"2025-09-26 15:53:56,768+0530","service":"FyersAPIRequest","taskName":"Task-1"}
{"level":"DEBUG","location":"[get_call:140] fyersModel","message":{"Status Code":200,"API":"/quotes"},"timestamp":"2025-09-26 15:53:57,130+0530","service":"FyersAPIRequest","taskName":"Task-1"}
{"level":"DEBUG","location":"[get_call:140] fyersModel","message":{"Status Code":200,"API":"/quotes"},"timestamp":"2025-09-26 15:53:57,517+0530","service":"FyersAPIRequest","taskName":"Task-1"}
{"level":"DEBUG","location":"[get_call:140] fyersModel","message":{"Status Code":200,"API":"/quotes"},"timestamp":"2025-09-26 15:53:59,902+0530","service":"FyersAPIRequest","taskName":"Task-1"}
{"level":"DEBUG","location":"[get_call:140] fyersModel","message":{"Status Code":200,"API":"/quotes"},"timestamp":"2025-09-26 15:54:00,304+0530","service":"FyersAPIRequest","taskName":"Task-1"}
{"level":"DEBUG","location":"[get_call:140] fyersModel","message":{"Status Code":200,"API":"/quotes"},"timestamp":"2025-09-26 15:54:00,679+0530","service":"FyersAPIRequest","taskName":"Task-1"}
{"level":"DEBUG","location":"[get_call:140] fyersModel","message":{"Status Code":200,"API":"/quotes"},"timestamp":"2025-09-26 15:55:14,697+0530","service":"FyersAPIRequest","taskName":"Task-1"}
{"level":"DEBUG","location":"[get_call:140] fyersModel","message":{"Status Code":200,"API":"/quotes"},"timestamp":"2025-09-26 15:55:14,988+0530","service":"FyersAPIRequest","taskName":"Task-1"}
{"level":"DEBUG","location":"[get_call:140] fyersModel","message":{"Status Code":200,"API":"/quotes"},"timestamp":"2025-09-26 15:55:15,227+0530","service":"FyersAPIRequest","taskName":"Task-1"}
{"level":"DEBUG","location":"[get_call:140] fyersModel","message":{"Status Code":200,"API":"/quotes"},"timestamp":"2025-09-26 15:55:17,483+0530","service":"FyersAPIRequest","taskName":"Task-1"}
{"level":"DEBUG","location":"[get_call:140] fyersModel","message":{"Status Code":200,"API":"/quotes"},"timestamp":"2025-09-26 15:55:17,750+0530","service":"FyersAPIRequest","taskName":"Task-1"}
{"level":"DEBUG","location":"[get_call:140] fyersModel","message":{"Status Code":200,"API":"/quotes"},"timestamp":"2025-09-26 15:55:18,000+0530","service":"FyersAPIRequest","taskName":"Task-1"}
{"level":"DEBUG","location":"[get_call:140] fyersModel","message":{"Status Code":200,"API":"/quotes"},"timestamp":"2025-09-26 15:57:58,799+0530","service":"FyersAPIRequest","taskName":"Task-1"}
{"level":"DEBUG","location":"[get_call:140] fyersModel","message":{"Status Code":200,"API":"/quotes"},"timestamp":"2025-09-26 15:57:59,197+0530","service":"FyersAPIRequest","taskName":"Task-1"}
{"level":"DEBUG","location":"[get_call:140] fyersModel","message":{"Status Code":200,"API":"/quotes"},"timestamp":"2025-09-26 15:57:59,667+0530","service":"FyersAPIRequest","taskName":"Task-1"}
{"level":"DEBUG","location":"[get_call:140] fyersModel","message":{"Status Code":200,"API":"/quotes"},"timestamp":"2025-09-26 15:58:02,108+0530","service":"FyersAPIRequest","taskName":"Task-1"}
{"level":"DEBUG","location":"[get_call:140] fyersModel","message":{"Status Code":200,"API":"/quotes"},"timestamp":"2025-09-26 15:58:02,517+0530","service":"FyersAPIRequest","taskName":"Task-1"}
{"level":"DEBUG","location":"[get_call:140] fyersModel","message":{"Status Code":200,"API":"/quotes"},"timestamp":"2025-09-26 15:58:02,910+0530","service":"FyersAPIRequest","taskName":"Task-1"}
{"level":"DEBUG","location":"[get_call:140] fyersModel","message":{"Status Code":200,"API":"/quotes"},"timestamp":"2025-09-26 15:58:05,319+0530","service":"FyersAPIRequest","taskName":"Task-1"}
{"level":"DEBUG","location":"[get_call:140] fyersModel","message":{"Status Code":200,"API":"/quotes"},"timestamp":"2025-09-26 15:58:05,746+0530","service":"FyersAPIRequest","taskName":"Task-1"}
{"level":"DEBUG","location":"[get_call:140] fyersModel","message":{"Status Code":200,"API":"/quotes"},"timestamp":"2025-09-26 15:58:06,193+0530","service":"FyersAPIRequest","taskName":"Task-1"}
{"level":"DEBUG","location":"[get_call:140] fyersModel","message":{"Status Code":200,"API":"/quotes"},"timestamp":"2025-09-26 16:06:45,718+0530","service":"FyersAPIRequest","taskName":"Task-1"}
{"level":"DEBUG","location":"[get_call:140] fyersModel","message":{"Status Code":200,"API":"/quotes"},"timestamp":"2025-09-26 16:06:48,177+0530","service":"FyersAPIRequest","taskName":"Task-1"}
{"level":"DEBUG","location":"[get_call:140] fyersModel","message":{"Status Code":200,"API":"/quotes"},"timestamp":"2025-09-26 16:06:50,587+0530","service":"FyersAPIRequest","taskName":"Task-1"}
{"level":"DEBUG","location":"[get_call:140] fyersModel","message":{"Status Code":200,"API":"/quotes"},"timestamp":"2025-09-26 16:06:52,992+0530","service":"FyersAPIRequest","taskName":"Task-1"}
{"level":"DEBUG","location":"[get_call:140] fyersModel","message":{"Status Code":200,"API":"/quotes"},"timestamp":"2025-09-26 16:11:08,873+0530","service":"FyersAPIRequest","taskName":"Task-1"}
{"level":"DEBUG","location":"[get_call:140] fyersModel","message":{"Status Code":200,"API":"/quotes"},"timestamp":"2025-09-26 16:11:11,125+0530","service":"FyersAPIRequest","taskName":"Task-1"}
{"level":"DEBUG","location":"[get_call:140] fyersModel","message":{"Status Code":200,"API":"/quotes"},"timestamp":"2025-09-26 16:11:13,396+0530","service":"FyersAPIRequest","taskName":"Task-1"}
{"level":"DEBUG","location":"[get_call:140] fyersModel","message":{"Status Code":200,"API":"/quotes"},"timestamp":"2025-09-26 16:11:15,651+0530","service":"FyersAPIRequest","taskName":"Task-1"}
{"level":"DEBUG","location":"[get_call:140] fyersModel","message":{"Status Code":200,"API":"/quotes"},"timestamp":"2025-09-26 16:11:17,913+0530","service":"FyersAPIRequest","taskName":"Task-1"}
{"level":"DEBUG","location":"[get_call:140] fyersModel","message":{"Status Code":200,"API":"/quotes"},"timestamp":"2025-09-26 16:11:20,171+0530","service":"FyersAPIRequest","taskName":"Task-1"}
{"level":"DEBUG","location":"[get_call:140] fyersModel","message":{"Status Code":200,"API":"/quotes"},"timestamp":"2025-09-26 16:11:33,736+0530","service":"FyersAPIRequest","taskName":"Task-1"}
{"level":"DEBUG","location":"[get_call:140] fyersModel","message":{"Status Code":200,"API":"/quotes"},"timestamp":"2025-09-26 16:11:33,993+0530","service":"FyersAPIRequest","taskName":"Task-1"}
{"level":"DEBUG","location":"[get_call:140] fyersModel","message":{"Status Code":200,"API":"/quotes"},"timestamp":"2025-09-26 16:11:34,240+0530","service":"FyersAPIRequest","taskName":"Task-1"}
{"level":"DEBUG","location":"[get_call:140] fyersModel","message":{"Status Code":200,"API":"/quotes"},"timestamp":"2025-09-26 16:11:36,546+0530","service":"FyersAPIRequest","taskName":"Task-1"}
{"level":"DEBUG","location":"[get_call:140] fyersModel","message":{"Status Code":200,"API":"/quotes"},"timestamp":"2025-09-26 16:11:36,801+0530","service":"FyersAPIRequest","taskName":"Task-1"}
{"level":"DEBUG","location":"[get_call:140] fyersModel","message":{"Status Code":200,"API":"/quotes"},"timestamp":"2025-09-26 16:11:37,045+0530","service":"FyersAPIRequest","taskName":"Task-1"}
